[ERROR][jwt.go:37]2023/01/07 00:35:42 [token is expired by 17m22s]
[INFO][auth.service.go:34]2023/01/07 00:35:48 [错误 --->%!(EXTRA map[string]interface {}=map[name:admin password:admin])]
[INFO][auth.service.go:36]2023/01/07 00:35:48 [获取到的用户是 findUser--->%!(EXTRA models.Auth={2 admin $2a$04$bWATxaZowNCQtqfzyoQm/eOw4t33hUg1G5heImWMT7KjnfVcZMqZ2})]
[ERROR][jwt.go:37]2023/01/07 00:36:00 [<nil>]
[INFO][request.go:11]2023/01/07 00:36:00 [State.Range. State Range is 0 to 1]
[ERROR][jwt.go:37]2023/01/07 00:36:24 [<nil>]
[INFO][request.go:11]2023/01/07 00:36:24 [TagID.Min. TagID Minimum is 1]
[ERROR][jwt.go:37]2023/01/07 00:37:14 [<nil>]
[INFO][request.go:11]2023/01/07 00:37:14 [TagID.Min. TagID Minimum is 1]
[ERROR][jwt.go:37]2023/01/07 00:37:47 [<nil>]
[INFO][request.go:11]2023/01/07 00:38:46 [TagID.Min. TagID Minimum is 1]
[ERROR][jwt.go:37]2023/01/07 00:39:46 [<nil>]
[ERROR][jwt.go:37]2023/01/07 00:40:18 [<nil>]
[ERROR][jwt.go:37]2023/01/07 00:40:32 [<nil>]
[ERROR][jwt.go:37]2023/01/07 00:40:39 [<nil>]
[ERROR][jwt.go:37]2023/01/07 00:40:56 [<nil>]
[ERROR][jwt.go:37]2023/01/07 00:41:10 [<nil>]
[ERROR][jwt.go:37]2023/01/07 00:42:46 [<nil>]
[ERROR][jwt.go:37]2023/01/07 00:42:50 [<nil>]
[ERROR][jwt.go:37]2023/01/07 00:43:04 [<nil>]
[ERROR][jwt.go:37]2023/01/07 00:43:08 [<nil>]
[INFO][auth.service.go:34]2023/01/07 23:39:33 [错误 --->%!(EXTRA map[string]interface {}=map[name:admin password:admin])]
[INFO][auth.service.go:36]2023/01/07 23:39:33 [获取到的用户是 findUser--->%!(EXTRA models.Auth={2 admin $2a$04$bWATxaZowNCQtqfzyoQm/eOw4t33hUg1G5heImWMT7KjnfVcZMqZ2})]
[ERROR][jwt.go:37]2023/01/07 23:40:07 [<nil>]
[ERROR][jwt.go:37]2023/01/07 23:40:16 [<nil>]
[ERROR][jwt.go:37]2023/01/07 23:40:19 [<nil>]
[ERROR][jwt.go:37]2023/01/07 23:40:23 [<nil>]
[ERROR][jwt.go:37]2023/01/07 23:40:30 [<nil>]
[INFO][request.go:11]2023/01/07 23:40:30 [state  Range is 0 to 1]
[ERROR][jwt.go:37]2023/01/07 23:40:33 [<nil>]
[ERROR][jwt.go:37]2023/01/07 23:40:36 [<nil>]
[ERROR][jwt.go:37]2023/01/07 23:40:39 [<nil>]
[ERROR][jwt.go:37]2023/01/07 23:41:10 [<nil>]
[ERROR][jwt.go:37]2023/01/07 23:43:13 [<nil>]
[ERROR][jwt.go:37]2023/01/07 23:43:44 [<nil>]
[INFO][request.go:11]2023/01/07 23:43:44 [TagID.Required. TagID Can not be empty]
[INFO][request.go:11]2023/01/07 23:43:44 [TagID.Min. TagID Minimum is 1]
[INFO][request.go:11]2023/01/07 23:43:44 [CreatedBy.Required. CreatedBy Can not be empty]
[INFO][request.go:11]2023/01/07 23:43:44 [CoverImageUrl.Required. CoverImageUrl Can not be empty]
[ERROR][jwt.go:37]2023/01/07 23:45:42 [<nil>]
[INFO][request.go:11]2023/01/07 23:46:53 [TagID.Required. TagID Can not be empty]
[INFO][request.go:11]2023/01/07 23:46:53 [TagID.Min. TagID Minimum is 1]
[INFO][request.go:11]2023/01/07 23:46:53 [CreatedBy.Required. CreatedBy Can not be empty]
[INFO][request.go:11]2023/01/07 23:46:53 [CoverImageUrl.Required. CoverImageUrl Can not be empty]
[ERROR][jwt.go:37]2023/01/07 23:47:40 [<nil>]
[INFO][request.go:11]2023/01/07 23:48:01 [TagID.Required. TagID Can not be empty]
[INFO][request.go:11]2023/01/07 23:48:01 [TagID.Min. TagID Minimum is 1]
[INFO][request.go:11]2023/01/07 23:48:01 [CreatedBy.Required. CreatedBy Can not be empty]
[INFO][request.go:11]2023/01/07 23:48:01 [CoverImageUrl.Required. CoverImageUrl Can not be empty]
[ERROR][jwt.go:37]2023/01/07 23:50:16 [<nil>]
[INFO][request.go:11]2023/01/07 23:50:16 [TagID.Required. TagID Can not be empty]
[INFO][request.go:11]2023/01/07 23:50:16 [TagID.Min. TagID Minimum is 1]
[INFO][request.go:11]2023/01/07 23:50:16 [CreatedBy.Required. CreatedBy Can not be empty]
[INFO][request.go:11]2023/01/07 23:50:16 [CoverImageUrl.Required. CoverImageUrl Can not be empty]
[ERROR][jwt.go:37]2023/01/07 23:51:05 [<nil>]
[INFO][request.go:11]2023/01/07 23:52:43 [TagID.Required. TagID Can not be empty]
[INFO][request.go:11]2023/01/07 23:52:43 [TagID.Min. TagID Minimum is 1]
[INFO][request.go:11]2023/01/07 23:52:43 [CreatedBy.Required. CreatedBy Can not be empty]
[INFO][request.go:11]2023/01/07 23:52:43 [CoverImageUrl.Required. CoverImageUrl Can not be empty]
[ERROR][jwt.go:37]2023/01/07 23:54:28 [<nil>]
[ERROR][jwt.go:37]2023/01/07 23:54:34 [<nil>]
[INFO][request.go:11]2023/01/07 23:58:06 [TagID.Required. TagID Can not be empty]
[INFO][request.go:11]2023/01/07 23:58:06 [TagID.Min. TagID Minimum is 1]
[INFO][request.go:11]2023/01/07 23:58:06 [CreatedBy.Required. CreatedBy Can not be empty]
[INFO][request.go:11]2023/01/07 23:58:06 [CoverImageUrl.Required. CoverImageUrl Can not be empty]
