[INFO][auth.go:24]2022/03/06 16:29:11 [map[Accept:[*/*] Accept-Encoding:[gzip, deflate, br] Cache-Control:[no-cache] Connection:[keep-alive] Postman-Token:[3d8330cc-6505-40aa-bcc6-e48f3b816254] User-Agent:[PostmanRuntime/7.29.0]]]
[INFO][auth.go:24]2022/03/06 16:30:06 [map[Accept:[*/*] Accept-Encoding:[gzip, deflate, br] Authorization:[Bearer eyJhbGciOiJIUzI1NiIsInR5cCI6IkpXVCJ9.eyJ1c2VybmFtZSI6InRlc3QiLCJwYXNzd29yZCI6InRlc3QxMjM0NTYiLCJleHAiOjE2NDY1NjYxNTEsImlzcyI6Imdpbi1ibG9nIn0.Biqv26lent3VMXixQ7HefTL-PeF3rktt9Fgy80XCpeM] Cache-Control:[no-cache] Connection:[keep-alive] Postman-Token:[0b30e491-c9b6-4aaa-a96f-01fc174e445e] User-Agent:[PostmanRuntime/7.29.0]]]
[INFO][auth.go:25]2022/03/06 16:35:06 [Bearer eyJhbGciOiJIUzI1NiIsInR5cCI6IkpXVCJ9.eyJ1c2VybmFtZSI6InRlc3QiLCJwYXNzd29yZCI6InRlc3QxMjM0NTYiLCJleHAiOjE2NDY1NjYxNTEsImlzcyI6Imdpbi1ibG9nIn0.Biqv26lent3VMXixQ7HefTL-PeF3rktt9Fgy80XCpeM]
[INFO][jwt.go:23]2022/03/06 16:36:43 []
[INFO][jwt.go:23]2022/03/06 16:36:45 []
[INFO][jwt.go:21]2022/03/06 16:54:24 [e]
[ERROR][jwt.go:26]2022/03/06 16:54:24 [token contains an invalid number of segments]
[INFO][jwt.go:21]2022/03/06 16:55:09 [101]
[ERROR][jwt.go:26]2022/03/06 16:55:09 [token contains an invalid number of segments]
[INFO][jwt.go:21]2022/03/06 16:55:43 [Bearer eyJhbGciOiJIUzI1NiIsInR5cCI6IkpXVCJ9.eyJ1c2VybmFtZSI6InRlc3QiLCJwYXNzd29yZCI6InRlc3QxMjM0NTYiLCJleHAiOjE2NDY1Njc1NDQsImlzcyI6Imdpbi1ibG9nIn0.4JRhKQUS1viJATUx9AC7GxOcaJ_K8Nnmh6AoxG3PC1U]
[ERROR][jwt.go:26]2022/03/06 16:55:43 [token contains an invalid number of segments]
[ERROR][jwt.go:34]2022/03/06 17:01:31 [token contains an invalid number of segments]
[ERROR][jwt.go:34]2022/03/06 17:01:43 [<nil>]
[ERROR][jwt.go:34]2022/03/06 17:15:30 [<nil>]
[ERROR][jwt.go:34]2022/03/06 17:15:57 [<nil>]
[ERROR][jwt.go:34]2022/03/06 17:20:47 [<nil>]
[INFO][form.go:35]2022/03/06 17:20:47 [%v 0xc0004fcca0]
[INFO][request.go:11]2022/03/06 17:20:47 [CreatedBy.Required. CreatedBy Can not be empty]
[ERROR][jwt.go:34]2022/03/06 17:21:10 [<nil>]
[INFO][form.go:35]2022/03/06 17:21:10 [%v 0xc0000323f0]
[INFO][request.go:11]2022/03/06 20:34:51 [Username.Required. Username Can not be empty]
[INFO][auth.go:30]2022/03/06 21:39:52 [我得到了数据 0xc0004dd3b0]
[INFO][auth.go:32]2022/03/06 21:43:01 [我得到了数据 {High:&{0 %!d(string=test2_user) %!d(string=123)}}]
[INFO][auth.go:32]2022/03/06 21:44:33 [我得到了数据 {High:%!d(string=123)}]
[INFO][auth.go:46]2022/03/06 21:45:23 [我得到了数据 ===> %!d(string=123)]
[INFO][auth.go:46]2022/03/06 21:45:48 [我得到了数据 123]
[INFO][auth.go:46]2022/03/06 21:46:44 [我得到了数据 123]
[INFO][auth.go:48]2022/03/06 21:46:44 [我得到了加密 $2a$04$.kW.SZyFAAcltYRr23GrSeKMlLo6L4TjwJUVTOv4TvAadbCulCvlC]
[INFO][auth.go:48]2022/03/06 21:47:36 [我得到了数据且返回了正确的值]
[INFO][auth.go:30]2022/03/06 21:50:30 [我成功加密了----> $2a$04$q2KRbd9hjRsVJZ3B1XlOe.XwQQ/Orn9scNNrZfCI3tPS4nBzoO.9.]
[INFO][auth.go:34]2022/03/06 21:50:30 [我成功加密了 $2a$04$q2KRbd9hjRsVJZ3B1XlOe.XwQQ/Orn9scNNrZfCI3tPS4nBzoO.9.]
[INFO][auth.go:41]2022/03/06 21:50:30 [我成功加密了 user%!(EXTRA *models.Auth=&{0 test2_user $2a$04$q2KRbd9hjRsVJZ3B1XlOe.XwQQ/Orn9scNNrZfCI3tPS4nBzoO.9.})]
[INFO][auth.go:30]2022/03/06 21:50:42 [我成功加密了----> $2a$04$2N5pDFf1KFPyYF7r50EZWeyXc22IMXpgjVozPyabBKXFBLTU0fzQO]
[INFO][auth.go:34]2022/03/06 21:50:42 [我成功加密了 $2a$04$2N5pDFf1KFPyYF7r50EZWeyXc22IMXpgjVozPyabBKXFBLTU0fzQO]
[INFO][auth.go:41]2022/03/06 21:50:42 [我成功加密了 user%!(EXTRA *models.Auth=&{0 test2_user $2a$04$2N5pDFf1KFPyYF7r50EZWeyXc22IMXpgjVozPyabBKXFBLTU0fzQO})]
[INFO][auth_service.go:35]2022/03/06 22:41:27 [错误 --->%!(EXTRA map[string]interface {}=map[name:admin password:admin_123])]
[INFO][auth.go:31]2022/03/06 22:41:27 [进入了GetUserById admin admin_123]
[INFO][auth_service.go:37]2022/03/06 22:41:28 [获取到的用户是 findUser--->%!(EXTRA models.Auth={0  })]
[INFO][auth_service.go:35]2022/03/06 22:43:23 [错误 --->%!(EXTRA map[string]interface {}=map[name:admin password:admin_123])]
[INFO][auth.go:33]2022/03/06 22:43:23 [找到了？ {11  }]
[INFO][auth_service.go:37]2022/03/06 22:43:23 [获取到的用户是 findUser--->%!(EXTRA models.Auth={11  })]
[INFO][auth_service.go:35]2022/03/06 22:44:08 [错误 --->%!(EXTRA map[string]interface {}=map[name:admin password:admin_123])]
[INFO][auth.go:35]2022/03/06 22:44:08 [找到了？ auth%!(EXTRA models.Auth={11  })]
[INFO][auth_service.go:37]2022/03/06 22:44:08 [获取到的用户是 findUser--->%!(EXTRA models.Auth={11  })]
[INFO][auth_service.go:35]2022/03/06 22:45:01 [错误 --->%!(EXTRA map[string]interface {}=map[name:admin password:admin_123])]
[INFO][auth.go:35]2022/03/06 22:45:01 [找到了？ auth%!(EXTRA string=$2a$04$cfSe2LKROXpoIj2BKD7Q6uXRevA4wjqFyZO0Jlvcq8qJU2cSNolDa)]
[INFO][auth_service.go:37]2022/03/06 22:45:01 [获取到的用户是 findUser--->%!(EXTRA models.Auth={11 admin $2a$04$cfSe2LKROXpoIj2BKD7Q6uXRevA4wjqFyZO0Jlvcq8qJU2cSNolDa})]
[INFO][auth_service.go:35]2022/03/06 22:45:31 [错误 --->%!(EXTRA map[string]interface {}=map[name:admin password:admin_123])]
[INFO][auth.go:35]2022/03/06 22:45:31 [找到了？ auth%!(EXTRA string=$2a$04$cfSe2LKROXpoIj2BKD7Q6uXRevA4wjqFyZO0Jlvcq8qJU2cSNolDa)]
[INFO][auth_service.go:37]2022/03/06 22:45:31 [获取到的用户是 findUser--->%!(EXTRA models.Auth={11 admin $2a$04$cfSe2LKROXpoIj2BKD7Q6uXRevA4wjqFyZO0Jlvcq8qJU2cSNolDa})]
[ERROR][jwt.go:34]2022/03/06 22:46:03 [<nil>]
[INFO][auth_service.go:35]2022/03/06 22:47:41 [错误 --->%!(EXTRA map[string]interface {}=map[name:admin password:admin_12223])]
[INFO][auth_service.go:37]2022/03/06 22:47:41 [获取到的用户是 findUser--->%!(EXTRA models.Auth={11 admin $2a$04$cfSe2LKROXpoIj2BKD7Q6uXRevA4wjqFyZO0Jlvcq8qJU2cSNolDa})]
