[ERROR][jwt.go:34]2022/12/21 21:44:18 [token is expired by 6954h5m41s]
[INFO][auth_service.go:35]2022/12/21 21:46:44 [错误 --->%!(EXTRA map[string]interface {}=map[name:admin password:admin_123])]
[INFO][auth_service.go:37]2022/12/21 21:46:44 [获取到的用户是 findUser--->%!(EXTRA models.Auth={1 admin admin_123})]
[INFO][auth_service.go:35]2022/12/21 21:49:01 [错误 --->%!(EXTRA map[string]interface {}=map[name:admin password:admin_123])]
[INFO][auth_service.go:37]2022/12/21 21:49:01 [获取到的用户是 findUser--->%!(EXTRA models.Auth={1 admin admin_123})]
[INFO][auth_service.go:35]2022/12/21 22:11:07 [错误 --->%!(EXTRA map[string]interface {}=map[name:admin password:admin])]
[INFO][auth_service.go:37]2022/12/21 22:11:07 [获取到的用户是 findUser--->%!(EXTRA models.Auth={2 admin $2a$04$bWATxaZowNCQtqfzyoQm/eOw4t33hUg1G5heImWMT7KjnfVcZMqZ2})]
[ERROR][jwt.go:34]2022/12/21 22:15:31 [<nil>]
[ERROR][jwt.go:34]2022/12/21 22:15:40 [<nil>]
[ERROR][jwt.go:34]2022/12/21 22:15:54 [<nil>]
[ERROR][jwt.go:34]2022/12/21 22:16:53 [<nil>]
[ERROR][jwt.go:34]2022/12/21 22:17:27 [<nil>]
[ERROR][jwt.go:34]2022/12/21 22:17:42 [<nil>]
[ERROR][jwt.go:34]2022/12/21 22:17:46 [<nil>]
[ERROR][jwt.go:34]2022/12/21 22:18:44 [<nil>]
[ERROR][jwt.go:34]2022/12/21 22:19:18 [<nil>]
[ERROR][jwt.go:34]2022/12/21 22:21:55 [<nil>]
[ERROR][jwt.go:34]2022/12/21 22:22:02 [<nil>]
[ERROR][jwt.go:34]2022/12/21 22:22:16 [<nil>]
[ERROR][jwt.go:34]2022/12/21 22:22:19 [<nil>]
[ERROR][jwt.go:34]2022/12/21 22:22:20 [<nil>]
[ERROR][jwt.go:34]2022/12/21 22:23:06 [<nil>]
[ERROR][jwt.go:34]2022/12/21 22:23:10 [<nil>]
[ERROR][jwt.go:34]2022/12/21 22:23:16 [<nil>]
[ERROR][jwt.go:34]2022/12/21 22:23:18 [<nil>]
[ERROR][jwt.go:34]2022/12/21 22:23:19 [<nil>]
[ERROR][jwt.go:34]2022/12/21 22:24:02 [<nil>]
[ERROR][jwt.go:34]2022/12/21 22:24:12 [<nil>]
[ERROR][jwt.go:34]2022/12/21 22:26:53 [<nil>]
[ERROR][jwt.go:34]2022/12/21 22:27:11 [<nil>]
[ERROR][jwt.go:34]2022/12/21 22:27:11 [<nil>]
[ERROR][jwt.go:34]2022/12/21 22:31:47 [<nil>]
[ERROR][jwt.go:34]2022/12/21 22:31:50 [<nil>]
[ERROR][jwt.go:34]2022/12/21 22:40:58 [<nil>]
[ERROR][jwt.go:34]2022/12/21 22:41:04 [<nil>]
[ERROR][jwt.go:34]2022/12/21 22:41:12 [<nil>]
[ERROR][jwt.go:34]2022/12/21 22:41:19 [<nil>]
[ERROR][jwt.go:34]2022/12/21 22:41:24 [<nil>]
[ERROR][jwt.go:34]2022/12/21 22:41:31 [<nil>]
[ERROR][jwt.go:34]2022/12/21 22:41:37 [<nil>]
[ERROR][jwt.go:34]2022/12/21 22:41:52 [<nil>]
[ERROR][jwt.go:34]2022/12/21 22:47:42 [<nil>]
[ERROR][jwt.go:34]2022/12/21 22:52:27 [<nil>]
[ERROR][jwt.go:34]2022/12/21 22:53:04 [<nil>]
[ERROR][jwt.go:34]2022/12/21 22:53:09 [<nil>]
[ERROR][jwt.go:34]2022/12/21 22:53:39 [<nil>]
[ERROR][jwt.go:34]2022/12/21 22:53:43 [<nil>]
[ERROR][jwt.go:34]2022/12/21 22:55:23 [<nil>]
[ERROR][jwt.go:34]2022/12/21 22:55:27 [<nil>]
[ERROR][jwt.go:34]2022/12/21 22:56:57 [<nil>]
[INFO][request.go:11]2022/12/21 22:56:57 [CoverImageUrl.Required. CoverImageUrl Can not be empty]
[ERROR][jwt.go:34]2022/12/21 22:57:10 [<nil>]
[INFO][request.go:11]2022/12/21 22:57:10 [CoverImageUrl.Required. CoverImageUrl Can not be empty]
