[ERROR][jwt.go:34]2023/01/06 00:21:48 [<nil>]
[ERROR][jwt.go:34]2023/01/06 00:21:59 [<nil>]
[ERROR][jwt.go:34]2023/01/06 00:22:20 [<nil>]
[ERROR][jwt.go:34]2023/01/06 00:22:24 [<nil>]
[ERROR][jwt.go:34]2023/01/06 00:24:43 [<nil>]
[ERROR][jwt.go:34]2023/01/06 00:24:55 [<nil>]
[INFO][request.go:11]2023/01/06 00:24:55 [ModifiedBy.Required. ModifiedBy Can not be empty]
[ERROR][jwt.go:34]2023/01/06 00:27:09 [<nil>]
[ERROR][jwt.go:34]2023/01/06 00:27:15 [<nil>]
[INFO][request.go:11]2023/01/06 00:27:15 [ModifiedBy.Required. ModifiedBy Can not be empty]
[ERROR][jwt.go:34]2023/01/06 00:29:43 [<nil>]
[INFO][request.go:11]2023/01/06 00:29:43 [ModifiedBy.Required. ModifiedBy Can not be empty]
[ERROR][jwt.go:34]2023/01/06 00:31:11 [<nil>]
[INFO][request.go:11]2023/01/06 00:31:11 [ModifiedBy.Required. ModifiedBy Can not be empty]
[ERROR][jwt.go:34]2023/01/06 00:31:54 [<nil>]
[INFO][request.go:11]2023/01/06 00:31:54 [ModifiedBy.Required. ModifiedBy Can not be empty]
[ERROR][jwt.go:34]2023/01/06 00:33:08 [<nil>]
[INFO][request.go:11]2023/01/06 00:34:25 [ModifiedBy.Required. ModifiedBy Can not be empty]
[ERROR][jwt.go:34]2023/01/06 00:37:22 [<nil>]
[INFO][request.go:11]2023/01/06 00:37:41 [ModifiedBy.Required. ModifiedBy Can not be empty]
[ERROR][jwt.go:34]2023/01/06 00:39:15 [<nil>]
[ERROR][jwt.go:34]2023/01/06 00:40:03 [<nil>]
[ERROR][jwt.go:34]2023/01/06 00:40:14 [<nil>]
[ERROR][jwt.go:34]2023/01/06 00:40:19 [<nil>]
[ERROR][jwt.go:37]2023/01/06 21:17:34 [token is expired by 19h36m19s]
[INFO][auth.service.go:34]2023/01/06 21:17:56 [错误 --->%!(EXTRA map[string]interface {}=map[name:admin password:admin])]
[INFO][auth.service.go:36]2023/01/06 21:17:56 [获取到的用户是 findUser--->%!(EXTRA models.Auth={2 admin $2a$04$bWATxaZowNCQtqfzyoQm/eOw4t33hUg1G5heImWMT7KjnfVcZMqZ2})]
[ERROR][jwt.go:37]2023/01/06 21:18:09 [token is expired by 19h36m54s]
[INFO][auth.service.go:34]2023/01/06 21:18:20 [错误 --->%!(EXTRA map[string]interface {}=map[name:admin password:admin])]
[INFO][auth.service.go:36]2023/01/06 21:18:20 [获取到的用户是 findUser--->%!(EXTRA models.Auth={2 admin $2a$04$bWATxaZowNCQtqfzyoQm/eOw4t33hUg1G5heImWMT7KjnfVcZMqZ2})]
[ERROR][jwt.go:37]2023/01/06 21:18:37 [<nil>]
[ERROR][jwt.go:37]2023/01/06 21:19:22 [<nil>]
[ERROR][jwt.go:37]2023/01/06 23:49:27 [<nil>]
[ERROR][jwt.go:37]2023/01/06 23:49:36 [<nil>]
[ERROR][jwt.go:37]2023/01/06 23:49:47 [<nil>]
[ERROR][jwt.go:37]2023/01/06 23:50:31 [<nil>]
[ERROR][jwt.go:37]2023/01/06 23:51:32 [<nil>]
[ERROR][jwt.go:37]2023/01/06 23:51:53 [<nil>]
[ERROR][jwt.go:37]2023/01/06 23:51:59 [<nil>]
