[ERROR][jwt.go:37]2023/01/08 00:00:41 [<nil>]
[ERROR][jwt.go:37]2023/01/08 00:01:44 [<nil>]
[ERROR][jwt.go:37]2023/01/08 00:02:02 [<nil>]
[ERROR][jwt.go:37]2023/01/08 00:02:33 [<nil>]
[INFO][request.go:11]2023/01/08 00:02:46 [TagID.Required. TagID Can not be empty]
[INFO][request.go:11]2023/01/08 00:02:46 [TagID.Min. TagID Minimum is 1]
[INFO][request.go:11]2023/01/08 00:02:46 [CreatedBy.Required. CreatedBy Can not be empty]
[INFO][request.go:11]2023/01/08 00:02:46 [CoverImageUrl.Required. CoverImageUrl Can not be empty]
[ERROR][jwt.go:37]2023/01/08 00:04:50 [<nil>]
[ERROR][jwt.go:37]2023/01/08 00:05:06 [<nil>]
[ERROR][jwt.go:37]2023/01/08 00:05:46 [<nil>]
[ERROR][jwt.go:37]2023/01/08 00:07:35 [<nil>]
[ERROR][jwt.go:37]2023/01/08 00:29:31 [<nil>]
[ERROR][jwt.go:37]2023/01/08 00:29:59 [<nil>]
[ERROR][jwt.go:37]2023/01/08 00:30:56 [<nil>]
[ERROR][jwt.go:37]2023/01/08 00:33:15 [<nil>]
[ERROR][jwt.go:37]2023/01/08 00:36:35 [<nil>]
[ERROR][jwt.go:37]2023/01/08 00:36:45 [<nil>]
[ERROR][jwt.go:37]2023/01/08 00:37:03 [<nil>]
[ERROR][jwt.go:37]2023/01/08 00:37:08 [<nil>]
[ERROR][jwt.go:37]2023/01/08 00:39:33 [<nil>]
[ERROR][jwt.go:37]2023/01/08 00:43:31 [<nil>]
[ERROR][jwt.go:37]2023/01/08 00:43:46 [<nil>]
[ERROR][jwt.go:37]2023/01/08 00:43:55 [<nil>]
[ERROR][jwt.go:37]2023/01/08 00:43:59 [<nil>]
[INFO][request.go:11]2023/01/08 00:43:59 [state  Range is 0 to 1]
[ERROR][jwt.go:37]2023/01/08 00:44:05 [<nil>]
[ERROR][jwt.go:37]2023/01/08 00:44:24 [<nil>]
